{"C:\\Users\\Emili\\Desktop\\Studies\\Codecademy\\Job Tracker\\server\\config\\database.js": {"path":"C:\\Users\\Emili\\Desktop\\Studies\\Codecademy\\Job Tracker\\server\\config\\database.js","statementMap":{"0":{"start":{"line":1,"column":17},"end":{"line":1,"column":30}},"1":{"start":{"line":2,"column":0},"end":{"line":2,"column":27}},"2":{"start":{"line":4,"column":13},"end":{"line":11,"column":2}},"3":{"start":{"line":14,"column":0},"end":{"line":16,"column":3}},"4":{"start":{"line":15,"column":4},"end":{"line":15,"column":54}},"5":{"start":{"line":18,"column":0},"end":{"line":21,"column":3}},"6":{"start":{"line":19,"column":4},"end":{"line":19,"column":55}},"7":{"start":{"line":20,"column":4},"end":{"line":20,"column":21}},"8":{"start":{"line":23,"column":0},"end":{"line":23,"column":22}}},"fnMap":{"0":{"name":"(anonymous_0)","decl":{"start":{"line":14,"column":19},"end":{"line":14,"column":20}},"loc":{"start":{"line":14,"column":25},"end":{"line":16,"column":1}},"line":14},"1":{"name":"(anonymous_1)","decl":{"start":{"line":18,"column":17},"end":{"line":18,"column":18}},"loc":{"start":{"line":18,"column":26},"end":{"line":21,"column":1}},"line":18}},"branchMap":{"0":{"loc":{"start":{"line":10,"column":9},"end":{"line":10,"column":86}},"type":"cond-expr","locations":[{"start":{"line":10,"column":49},"end":{"line":10,"column":78}},{"start":{"line":10,"column":81},"end":{"line":10,"column":86}}],"line":10}},"s":{"0":1,"1":1,"2":1,"3":1,"4":0,"5":1,"6":0,"7":0,"8":1},"f":{"0":0,"1":0},"b":{"0":[0,1]},"_coverageSchema":"1a1c01bbd47fc00a2c39e90264f33305004495a9","hash":"d1be619ed02b475593b79886e503e24f01f03ebc"}
,"C:\\Users\\Emili\\Desktop\\Studies\\Codecademy\\Job Tracker\\server\\middleware\\auth.js": {"path":"C:\\Users\\Emili\\Desktop\\Studies\\Codecademy\\Job Tracker\\server\\middleware\\auth.js","statementMap":{"0":{"start":{"line":1,"column":12},"end":{"line":1,"column":35}},"1":{"start":{"line":2,"column":13},"end":{"line":2,"column":42}},"2":{"start":{"line":4,"column":13},"end":{"line":78,"column":1}},"3":{"start":{"line":5,"column":4},"end":{"line":77,"column":5}},"4":{"start":{"line":7,"column":27},"end":{"line":7,"column":54}},"5":{"start":{"line":9,"column":8},"end":{"line":14,"column":9}},"6":{"start":{"line":10,"column":12},"end":{"line":13,"column":15}},"7":{"start":{"line":17,"column":8},"end":{"line":22,"column":9}},"8":{"start":{"line":18,"column":12},"end":{"line":21,"column":15}},"9":{"start":{"line":25,"column":22},"end":{"line":25,"column":45}},"10":{"start":{"line":27,"column":8},"end":{"line":32,"column":9}},"11":{"start":{"line":28,"column":12},"end":{"line":31,"column":15}},"12":{"start":{"line":35,"column":24},"end":{"line":35,"column":65}},"13":{"start":{"line":38,"column":21},"end":{"line":41,"column":9}},"14":{"start":{"line":43,"column":8},"end":{"line":48,"column":9}},"15":{"start":{"line":44,"column":12},"end":{"line":47,"column":15}},"16":{"start":{"line":51,"column":8},"end":{"line":54,"column":10}},"17":{"start":{"line":56,"column":8},"end":{"line":56,"column":15}},"18":{"start":{"line":59,"column":8},"end":{"line":59,"column":55}},"19":{"start":{"line":61,"column":8},"end":{"line":71,"column":9}},"20":{"start":{"line":62,"column":12},"end":{"line":65,"column":15}},"21":{"start":{"line":66,"column":15},"end":{"line":71,"column":9}},"22":{"start":{"line":67,"column":12},"end":{"line":70,"column":15}},"23":{"start":{"line":73,"column":8},"end":{"line":76,"column":11}},"24":{"start":{"line":80,"column":0},"end":{"line":80,"column":26}}},"fnMap":{"0":{"name":"(anonymous_0)","decl":{"start":{"line":4,"column":13},"end":{"line":4,"column":14}},"loc":{"start":{"line":4,"column":39},"end":{"line":78,"column":1}},"line":4}},"branchMap":{"0":{"loc":{"start":{"line":9,"column":8},"end":{"line":14,"column":9}},"type":"if","locations":[{"start":{"line":9,"column":8},"end":{"line":14,"column":9}},{"start":{},"end":{}}],"line":9},"1":{"loc":{"start":{"line":17,"column":8},"end":{"line":22,"column":9}},"type":"if","locations":[{"start":{"line":17,"column":8},"end":{"line":22,"column":9}},{"start":{},"end":{}}],"line":17},"2":{"loc":{"start":{"line":27,"column":8},"end":{"line":32,"column":9}},"type":"if","locations":[{"start":{"line":27,"column":8},"end":{"line":32,"column":9}},{"start":{},"end":{}}],"line":27},"3":{"loc":{"start":{"line":43,"column":8},"end":{"line":48,"column":9}},"type":"if","locations":[{"start":{"line":43,"column":8},"end":{"line":48,"column":9}},{"start":{},"end":{}}],"line":43},"4":{"loc":{"start":{"line":61,"column":8},"end":{"line":71,"column":9}},"type":"if","locations":[{"start":{"line":61,"column":8},"end":{"line":71,"column":9}},{"start":{"line":66,"column":15},"end":{"line":71,"column":9}}],"line":61},"5":{"loc":{"start":{"line":66,"column":15},"end":{"line":71,"column":9}},"type":"if","locations":[{"start":{"line":66,"column":15},"end":{"line":71,"column":9}},{"start":{},"end":{}}],"line":66}},"s":{"0":1,"1":1,"2":1,"3":2,"4":2,"5":2,"6":1,"7":1,"8":1,"9":0,"10":0,"11":0,"12":0,"13":0,"14":0,"15":0,"16":0,"17":0,"18":0,"19":0,"20":0,"21":0,"22":0,"23":0,"24":1},"f":{"0":2},"b":{"0":[1,1],"1":[1,0],"2":[0,0],"3":[0,0],"4":[0,0],"5":[0,0]},"_coverageSchema":"1a1c01bbd47fc00a2c39e90264f33305004495a9","hash":"6b2bd8376974f3d0a6377991454c2a30024d48dc"}
,"C:\\Users\\Emili\\Desktop\\Studies\\Codecademy\\Job Tracker\\server\\tests\\helpers\\testHelpers.js": {"path":"C:\\Users\\Emili\\Desktop\\Studies\\Codecademy\\Job Tracker\\server\\tests\\helpers\\testHelpers.js","statementMap":{"0":{"start":{"line":1,"column":12},"end":{"line":1,"column":35}},"1":{"start":{"line":2,"column":15},"end":{"line":2,"column":34}},"2":{"start":{"line":3,"column":17},"end":{"line":3,"column":43}},"3":{"start":{"line":6,"column":23},"end":{"line":28,"column":1}},"4":{"start":{"line":7,"column":24},"end":{"line":10,"column":5}},"5":{"start":{"line":12,"column":17},"end":{"line":12,"column":48}},"6":{"start":{"line":13,"column":27},"end":{"line":13,"column":63}},"7":{"start":{"line":15,"column":19},"end":{"line":18,"column":5}},"8":{"start":{"line":20,"column":24},"end":{"line":20,"column":38}},"9":{"start":{"line":21,"column":18},"end":{"line":21,"column":99}},"10":{"start":{"line":23,"column":4},"end":{"line":27,"column":6}},"11":{"start":{"line":31,"column":30},"end":{"line":47,"column":1}},"12":{"start":{"line":32,"column":31},"end":{"line":37,"column":5}},"13":{"start":{"line":39,"column":24},"end":{"line":39,"column":69}},"14":{"start":{"line":41,"column":19},"end":{"line":44,"column":5}},"15":{"start":{"line":46,"column":4},"end":{"line":46,"column":26}},"16":{"start":{"line":50,"column":22},"end":{"line":52,"column":1}},"17":{"start":{"line":51,"column":4},"end":{"line":51,"column":48}},"18":{"start":{"line":54,"column":0},"end":{"line":58,"column":2}}},"fnMap":{"0":{"name":"(anonymous_0)","decl":{"start":{"line":6,"column":23},"end":{"line":6,"column":24}},"loc":{"start":{"line":6,"column":48},"end":{"line":28,"column":1}},"line":6},"1":{"name":"(anonymous_1)","decl":{"start":{"line":31,"column":30},"end":{"line":31,"column":31}},"loc":{"start":{"line":31,"column":70},"end":{"line":47,"column":1}},"line":31},"2":{"name":"(anonymous_2)","decl":{"start":{"line":50,"column":22},"end":{"line":50,"column":23}},"loc":{"start":{"line":50,"column":33},"end":{"line":52,"column":1}},"line":50}},"branchMap":{"0":{"loc":{"start":{"line":6,"column":30},"end":{"line":6,"column":43}},"type":"default-arg","locations":[{"start":{"line":6,"column":41},"end":{"line":6,"column":43}}],"line":6},"1":{"loc":{"start":{"line":31,"column":45},"end":{"line":31,"column":65}},"type":"default-arg","locations":[{"start":{"line":31,"column":63},"end":{"line":31,"column":65}}],"line":31}},"s":{"0":1,"1":1,"2":1,"3":1,"4":2,"5":2,"6":2,"7":2,"8":0,"9":0,"10":0,"11":1,"12":0,"13":0,"14":0,"15":0,"16":1,"17":0,"18":1},"f":{"0":2,"1":0,"2":0},"b":{"0":[2],"1":[0]},"_coverageSchema":"1a1c01bbd47fc00a2c39e90264f33305004495a9","hash":"7c5114b27e85ee25a09c49044be131abae27d96e"}
,"C:\\Users\\Emili\\Desktop\\Studies\\Codecademy\\Job Tracker\\server\\tests\\setup\\testDb.js": {"path":"C:\\Users\\Emili\\Desktop\\Studies\\Codecademy\\Job Tracker\\server\\tests\\setup\\testDb.js","statementMap":{"0":{"start":{"line":1,"column":17},"end":{"line":1,"column":30}},"1":{"start":{"line":2,"column":0},"end":{"line":2,"column":48}},"2":{"start":{"line":6,"column":25},"end":{"line":32,"column":1}},"3":{"start":{"line":7,"column":29},"end":{"line":14,"column":3}},"4":{"start":{"line":16,"column":36},"end":{"line":28,"column":1}},"5":{"start":{"line":30,"column":4},"end":{"line":30,"column":39}},"6":{"start":{"line":31,"column":4},"end":{"line":31,"column":46}},"7":{"start":{"line":34,"column":24},"end":{"line":37,"column":1}},"8":{"start":{"line":35,"column":4},"end":{"line":35,"column":77}},"9":{"start":{"line":36,"column":4},"end":{"line":36,"column":70}},"10":{"start":{"line":39,"column":0},"end":{"line":49,"column":3}},"11":{"start":{"line":40,"column":4},"end":{"line":46,"column":7}},"12":{"start":{"line":48,"column":4},"end":{"line":48,"column":29}},"13":{"start":{"line":51,"column":0},"end":{"line":53,"column":3}},"14":{"start":{"line":52,"column":4},"end":{"line":52,"column":28}},"15":{"start":{"line":55,"column":0},"end":{"line":57,"column":3}},"16":{"start":{"line":56,"column":4},"end":{"line":56,"column":21}},"17":{"start":{"line":59,"column":0},"end":{"line":59,"column":43}}},"fnMap":{"0":{"name":"(anonymous_0)","decl":{"start":{"line":6,"column":25},"end":{"line":6,"column":26}},"loc":{"start":{"line":6,"column":37},"end":{"line":32,"column":1}},"line":6},"1":{"name":"(anonymous_1)","decl":{"start":{"line":34,"column":24},"end":{"line":34,"column":25}},"loc":{"start":{"line":34,"column":36},"end":{"line":37,"column":1}},"line":34},"2":{"name":"(anonymous_2)","decl":{"start":{"line":39,"column":10},"end":{"line":39,"column":11}},"loc":{"start":{"line":39,"column":22},"end":{"line":49,"column":1}},"line":39},"3":{"name":"(anonymous_3)","decl":{"start":{"line":51,"column":11},"end":{"line":51,"column":12}},"loc":{"start":{"line":51,"column":23},"end":{"line":53,"column":1}},"line":51},"4":{"name":"(anonymous_4)","decl":{"start":{"line":55,"column":9},"end":{"line":55,"column":10}},"loc":{"start":{"line":55,"column":21},"end":{"line":57,"column":1}},"line":55}},"branchMap":{},"s":{"0":1,"1":1,"2":1,"3":1,"4":1,"5":1,"6":1,"7":1,"8":4,"9":4,"10":1,"11":1,"12":1,"13":1,"14":4,"15":1,"16":1,"17":1},"f":{"0":1,"1":4,"2":1,"3":4,"4":1},"b":{},"_coverageSchema":"1a1c01bbd47fc00a2c39e90264f33305004495a9","hash":"e086a48bd562530efb3f622fb6556dc9d7686a0f"}
}
