TN:
SF:config\database.js
FN:14,(anonymous_0)
FN:18,(anonymous_1)
FNF:2
FNH:0
FNDA:0,(anonymous_0)
FNDA:0,(anonymous_1)
DA:1,1
DA:2,1
DA:4,1
DA:14,1
DA:15,0
DA:18,1
DA:19,0
DA:20,0
DA:23,1
LF:9
LH:6
BRDA:10,0,0,0
BRDA:10,0,1,1
BRF:2
BRH:1
end_of_record
TN:
SF:middleware\auth.js
FN:4,(anonymous_0)
FNF:1
FNH:1
FNDA:2,(anonymous_0)
DA:1,1
DA:2,1
DA:4,1
DA:5,2
DA:7,2
DA:9,2
DA:10,1
DA:17,1
DA:18,1
DA:25,0
DA:27,0
DA:28,0
DA:35,0
DA:38,0
DA:43,0
DA:44,0
DA:51,0
DA:56,0
DA:59,0
DA:61,0
DA:62,0
DA:66,0
DA:67,0
DA:73,0
DA:80,1
LF:25
LH:10
BRDA:9,0,0,1
BRDA:9,0,1,1
BRDA:17,1,0,1
BRDA:17,1,1,0
BRDA:27,2,0,0
BRDA:27,2,1,0
BRDA:43,3,0,0
BRDA:43,3,1,0
BRDA:61,4,0,0
BRDA:61,4,1,0
BRDA:66,5,0,0
BRDA:66,5,1,0
BRF:12
BRH:3
end_of_record
TN:
SF:tests\helpers\testHelpers.js
FN:6,(anonymous_0)
FN:31,(anonymous_1)
FN:50,(anonymous_2)
FNF:3
FNH:1
FNDA:2,(anonymous_0)
FNDA:0,(anonymous_1)
FNDA:0,(anonymous_2)
DA:1,1
DA:2,1
DA:3,1
DA:6,1
DA:7,2
DA:12,2
DA:13,2
DA:15,2
DA:20,0
DA:21,0
DA:23,0
DA:31,1
DA:32,0
DA:39,0
DA:41,0
DA:46,0
DA:50,1
DA:51,0
DA:54,1
LF:19
LH:11
BRDA:6,0,0,2
BRDA:31,1,0,0
BRF:2
BRH:1
end_of_record
TN:
SF:tests\setup\testDb.js
FN:6,(anonymous_0)
FN:34,(anonymous_1)
FN:39,(anonymous_2)
FN:51,(anonymous_3)
FN:55,(anonymous_4)
FNF:5
FNH:5
FNDA:1,(anonymous_0)
FNDA:4,(anonymous_1)
FNDA:1,(anonymous_2)
FNDA:4,(anonymous_3)
FNDA:1,(anonymous_4)
DA:1,1
DA:2,1
DA:6,1
DA:7,1
DA:16,1
DA:30,1
DA:31,1
DA:34,1
DA:35,4
DA:36,4
DA:39,1
DA:40,1
DA:48,1
DA:51,1
DA:52,4
DA:55,1
DA:56,1
DA:59,1
LF:18
LH:18
BRF:0
BRH:0
end_of_record
